c:\users\trieu\source\repos\qint\qint\qint\release\vc142.pdb
c:\users\trieu\source\repos\qint\qint\qint\release\stringfunction.obj
c:\users\trieu\source\repos\qint\qint\qint\release\qint.obj
c:\users\trieu\source\repos\qint\qint\qint\release\main.obj
c:\users\trieu\source\repos\qint\qint\qint\release\commandlinearguments.obj
e:\qint\qint\qint\release\vc141.pdb
e:\qint\qint\qint\release\stringfunction.obj
e:\qint\qint\qint\release\qint.obj
e:\qint\qint\qint\release\main.obj
e:\qint\qint\qint\release\commandlinearguments.obj
c:\users\trieu\source\repos\qint\qint\release\qint.exe
c:\users\trieu\source\repos\qint\qint\release\qint.pdb
e:\qint\qint\release\qint.exe
e:\qint\qint\release\qint.pdb
c:\users\trieu\source\repos\qint\qint\release\qint.ipdb
c:\users\trieu\source\repos\qint\qint\release\qint.iobj
e:\qint\qint\release\qint.ipdb
e:\qint\qint\release\qint.iobj
e:\qint\qint\qint\release\vc142.pdb
e:\qint\qint\qint\release\qint.tlog\cl.command.1.tlog
e:\qint\qint\qint\release\qint.tlog\cl.read.1.tlog
e:\qint\qint\qint\release\qint.tlog\cl.write.1.tlog
e:\qint\qint\qint\release\qint.tlog\link.command.1.tlog
e:\qint\qint\qint\release\qint.tlog\link.read.1.tlog
e:\qint\qint\qint\release\qint.tlog\link.write.1.tlog
e:\qint\qint\qint\release\qint.tlog\qint.write.1u.tlog
